<?xml version="1.0" encoding="UTF-8"?><testsuite errors="1" failures="0" name="Register user demo" skipped="0" tests="1" time="189.8" timestamp="2018-11-14 11:01:00"><testcase name="register user full"><error type="java.lang.NullPointerException"/><system-err>null&#13;
co.com.proyectobase.screenplay.stepdefinitions.RegisterUserStepDefinition.theDoesTheRegisterInThePage(RegisterUserStepDefinition.java:38)&#13;
✽.the does the register in the page(src/test/resources/features/AutomationDemo.feature:10)&#13;
</system-err></testcase></testsuite>